TN:
SF:src/app.ts
FN:12,main
FNF:1
FNH:1
FNDA:1,main
DA:1,1
DA:2,1
DA:3,1
DA:4,1
DA:5,1
DA:6,1
DA:7,1
DA:8,1
DA:9,1
DA:10,1
DA:11,1
DA:12,1
DA:13,1
DA:14,1
DA:15,1
DA:16,1
DA:17,1
DA:18,1
DA:19,1
DA:20,1
LF:20
LH:20
BRDA:7,0,0,1
BRDA:7,1,0,1
BRDA:12,2,0,1
BRF:3
BRH:3
end_of_record
TN:
SF:src/config/adapter/envs.ts
FNF:0
FNH:0
DA:1,1
DA:2,1
DA:3,1
DA:4,1
DA:5,1
DA:6,1
DA:7,1
DA:8,1
LF:8
LH:8
BRF:0
BRH:0
end_of_record
TN:
SF:src/data/postgres/index.ts
FNF:0
FNH:0
DA:1,1
DA:2,1
DA:3,1
DA:4,1
LF:4
LH:4
BRF:0
BRH:0
end_of_record
TN:
SF:src/domain/index.ts
FNF:0
FNH:0
DA:1,1
DA:2,1
DA:3,1
DA:4,1
DA:5,1
DA:6,1
DA:7,1
DA:8,1
DA:9,1
DA:10,1
DA:11,1
DA:12,1
DA:13,1
DA:14,1
LF:14
LH:14
BRF:0
BRH:0
end_of_record
TN:
SF:src/domain/dtos/todos/create-todo.dto.ts
FN:3,CreateTodoDto
FN:7,create
FNF:2
FNH:2
FNDA:1,CreateTodoDto
FNDA:3,create
DA:1,1
DA:2,1
DA:3,1
DA:4,1
DA:5,1
DA:6,1
DA:7,1
DA:8,3
DA:9,3
DA:10,1
DA:11,1
DA:12,1
LF:12
LH:12
BRDA:3,0,0,1
BRDA:7,1,0,3
BRDA:9,2,0,1
BRDA:9,3,0,2
BRDA:10,4,0,1
BRF:5
BRH:5
end_of_record
TN:
SF:src/domain/errors/custom.error.ts
FN:5,CustomError
FNF:1
FNH:1
FNDA:3,CustomError
DA:1,1
DA:2,1
DA:3,1
DA:4,1
DA:5,1
DA:6,3
DA:7,3
DA:8,3
DA:9,3
DA:10,3
DA:11,1
DA:12,1
LF:12
LH:12
BRDA:5,0,0,3
BRF:1
BRH:1
end_of_record
TN:
SF:src/infraestrcture/datasource/todo.datasources.impl.ts
FN:7,create
FN:13,getAll
FN:19,getTodoById
FN:27,updateTodo
FN:38,deleteTodo
FNF:5
FNH:5
FNDA:1,create
FNDA:1,getAll
FNDA:8,getTodoById
FNDA:3,updateTodo
FNDA:2,deleteTodo
DA:1,1
DA:2,1
DA:3,1
DA:4,1
DA:5,1
DA:6,1
DA:7,1
DA:8,1
DA:9,1
DA:10,1
DA:11,1
DA:12,1
DA:13,1
DA:14,1
DA:15,1
DA:16,1
DA:17,1
DA:18,1
DA:19,1
DA:20,8
DA:21,8
DA:22,8
DA:23,8
DA:24,5
DA:25,5
DA:26,1
DA:27,1
DA:28,3
DA:29,3
DA:30,3
DA:31,3
DA:32,3
DA:33,3
DA:34,3
DA:35,3
DA:36,3
DA:37,1
DA:38,1
DA:39,2
DA:40,2
DA:41,1
DA:42,1
DA:43,1
DA:44,1
DA:45,1
LF:45
LH:45
BRDA:7,0,0,1
BRDA:13,1,0,1
BRDA:16,2,0,2
BRDA:19,3,0,8
BRDA:23,4,0,3
BRDA:24,5,0,5
BRDA:27,6,0,3
BRDA:38,7,0,2
BRDA:41,8,0,1
BRF:9
BRH:9
end_of_record
TN:
SF:src/presentation/server.ts
FN:19,Server
FN:27,start
FN:54,close
FNF:3
FNH:3
FNDA:1,Server
FNDA:1,start
FNDA:1,close
DA:1,1
DA:2,1
DA:3,1
DA:4,1
DA:5,1
DA:6,1
DA:7,1
DA:8,1
DA:9,1
DA:10,1
DA:11,1
DA:12,1
DA:13,1
DA:14,1
DA:15,1
DA:16,1
DA:17,1
DA:18,1
DA:19,1
DA:20,1
DA:21,1
DA:22,1
DA:23,1
DA:24,1
DA:25,1
DA:26,1
DA:27,1
DA:28,1
DA:29,1
DA:30,1
DA:31,1
DA:32,1
DA:33,1
DA:34,1
DA:35,1
DA:36,1
DA:37,1
DA:38,1
DA:39,1
DA:40,1
DA:41,1
DA:42,0
DA:43,0
DA:44,0
DA:45,1
DA:46,1
DA:47,1
DA:48,1
DA:49,1
DA:50,1
DA:51,1
DA:52,1
DA:53,1
DA:54,1
DA:55,1
DA:56,1
DA:57,1
LF:57
LH:54
BRDA:19,0,0,1
BRDA:27,1,0,1
BRDA:48,2,0,1
BRDA:54,3,0,1
BRF:4
BRH:4
end_of_record
TN:
SF:src/presentation/todos/controller.ts
FN:8,TodoController
FN:13,TodoController.handleError
FN:22,TodoController.getTodo
FN:31,TodoController.getTodoById
FN:41,TodoController.createTodo
FN:52,TodoController.updateTodo
FN:64,TodoController.deleteTodo
FNF:7
FNH:7
FNDA:2,TodoController
FNDA:3,TodoController.handleError
FNDA:1,TodoController.getTodo
FNDA:3,TodoController.getTodoById
FNDA:3,TodoController.createTodo
FNDA:3,TodoController.updateTodo
FNDA:2,TodoController.deleteTodo
DA:1,1
DA:2,1
DA:3,1
DA:4,1
DA:5,1
DA:6,1
DA:7,1
DA:8,1
DA:9,2
DA:10,2
DA:11,1
DA:12,1
DA:13,1
DA:14,3
DA:15,3
DA:16,3
DA:17,3
DA:18,0
DA:19,0
DA:20,0
DA:21,1
DA:22,1
DA:23,1
DA:24,1
DA:25,1
DA:26,1
DA:27,1
DA:28,1
DA:29,1
DA:30,1
DA:31,1
DA:32,3
DA:33,3
DA:34,3
DA:35,3
DA:36,3
DA:37,3
DA:38,3
DA:39,1
DA:40,1
DA:41,1
DA:42,3
DA:43,3
DA:44,3
DA:45,1
DA:46,1
DA:47,1
DA:48,1
DA:49,1
DA:50,1
DA:51,1
DA:52,1
DA:53,3
DA:54,3
DA:55,3
DA:56,3
DA:57,3
DA:58,3
DA:59,3
DA:60,3
DA:61,3
DA:62,3
DA:63,1
DA:64,1
DA:65,2
DA:66,2
DA:67,2
DA:68,2
DA:69,2
DA:70,2
DA:71,2
DA:72,2
DA:73,1
DA:74,1
LF:74
LH:71
BRDA:8,0,0,2
BRDA:13,1,0,3
BRDA:18,2,0,0
BRDA:22,3,0,1
BRDA:27,4,0,1
BRDA:31,5,0,3
BRDA:37,6,0,1
BRDA:38,7,0,2
BRDA:41,8,0,3
BRDA:44,9,0,2
BRDA:45,10,0,1
BRDA:48,11,0,1
BRDA:52,12,0,3
BRDA:56,13,0,0
BRDA:60,14,0,3
BRDA:64,15,0,2
BRDA:70,16,0,1
BRDA:71,17,0,1
BRF:18
BRH:16
end_of_record
TN:
SF:tests/test-server.ts
FNF:0
FNH:0
DA:1,1
DA:2,1
DA:3,1
DA:4,1
DA:5,1
DA:6,1
DA:7,1
DA:8,1
LF:8
LH:8
BRF:0
BRH:0
end_of_record
